Started GET "/" for ::1 at 2016-11-17 17:36:30 -0800
Processing by Rails::WelcomeController#index as HTML
  Parameters: {"internal"=>true}
  Rendering /Users/manahkallon/.rbenv/versions/2.3.1/lib/ruby/gems/2.3.0/gems/railties-5.0.0.1/lib/rails/templates/rails/welcome/index.html.erb
  Rendered /Users/manahkallon/.rbenv/versions/2.3.1/lib/ruby/gems/2.3.0/gems/railties-5.0.0.1/lib/rails/templates/rails/welcome/index.html.erb (6.5ms)
Completed 200 OK in 32ms (Views: 16.2ms | ActiveRecord: 0.0ms)


Started GET "/" for ::1 at 2016-11-17 17:38:37 -0800
  
ArgumentError (Missing :controller key on routes definition, please check your routes.):
  
config/routes.rb:3:in `block in <top (required)>'
config/routes.rb:1:in `<top (required)>'
  Rendering /Users/manahkallon/.rbenv/versions/2.3.1/lib/ruby/gems/2.3.0/gems/actionpack-5.0.0.1/lib/action_dispatch/middleware/templates/rescues/diagnostics.html.erb within rescues/layout
  Rendering /Users/manahkallon/.rbenv/versions/2.3.1/lib/ruby/gems/2.3.0/gems/actionpack-5.0.0.1/lib/action_dispatch/middleware/templates/rescues/_source.html.erb
  Rendered /Users/manahkallon/.rbenv/versions/2.3.1/lib/ruby/gems/2.3.0/gems/actionpack-5.0.0.1/lib/action_dispatch/middleware/templates/rescues/_source.html.erb (14.1ms)
  Rendering /Users/manahkallon/.rbenv/versions/2.3.1/lib/ruby/gems/2.3.0/gems/actionpack-5.0.0.1/lib/action_dispatch/middleware/templates/rescues/_trace.html.erb
  Rendered /Users/manahkallon/.rbenv/versions/2.3.1/lib/ruby/gems/2.3.0/gems/actionpack-5.0.0.1/lib/action_dispatch/middleware/templates/rescues/_trace.html.erb (1.9ms)
  Rendering /Users/manahkallon/.rbenv/versions/2.3.1/lib/ruby/gems/2.3.0/gems/actionpack-5.0.0.1/lib/action_dispatch/middleware/templates/rescues/_request_and_response.html.erb
  Rendered /Users/manahkallon/.rbenv/versions/2.3.1/lib/ruby/gems/2.3.0/gems/actionpack-5.0.0.1/lib/action_dispatch/middleware/templates/rescues/_request_and_response.html.erb (0.7ms)
  Rendered /Users/manahkallon/.rbenv/versions/2.3.1/lib/ruby/gems/2.3.0/gems/actionpack-5.0.0.1/lib/action_dispatch/middleware/templates/rescues/diagnostics.html.erb within rescues/layout (102.0ms)
Started GET "/" for ::1 at 2016-11-17 17:38:46 -0800
Processing by Rails::WelcomeController#index as HTML
  Parameters: {"internal"=>true}
  Rendering /Users/manahkallon/.rbenv/versions/2.3.1/lib/ruby/gems/2.3.0/gems/railties-5.0.0.1/lib/rails/templates/rails/welcome/index.html.erb
  Rendered /Users/manahkallon/.rbenv/versions/2.3.1/lib/ruby/gems/2.3.0/gems/railties-5.0.0.1/lib/rails/templates/rails/welcome/index.html.erb (14.7ms)
Completed 200 OK in 50ms (Views: 22.1ms | ActiveRecord: 0.0ms)


Started GET "/" for ::1 at 2016-11-17 17:44:37 -0800
  
ArgumentError (Missing :controller key on routes definition, please check your routes.):
  
config/routes.rb:2:in `block in <top (required)>'
config/routes.rb:1:in `<top (required)>'
  Rendering /Users/manahkallon/.rbenv/versions/2.3.1/lib/ruby/gems/2.3.0/gems/actionpack-5.0.0.1/lib/action_dispatch/middleware/templates/rescues/diagnostics.html.erb within rescues/layout
  Rendering /Users/manahkallon/.rbenv/versions/2.3.1/lib/ruby/gems/2.3.0/gems/actionpack-5.0.0.1/lib/action_dispatch/middleware/templates/rescues/_source.html.erb
  Rendered /Users/manahkallon/.rbenv/versions/2.3.1/lib/ruby/gems/2.3.0/gems/actionpack-5.0.0.1/lib/action_dispatch/middleware/templates/rescues/_source.html.erb (3.7ms)
  Rendering /Users/manahkallon/.rbenv/versions/2.3.1/lib/ruby/gems/2.3.0/gems/actionpack-5.0.0.1/lib/action_dispatch/middleware/templates/rescues/_trace.html.erb
  Rendered /Users/manahkallon/.rbenv/versions/2.3.1/lib/ruby/gems/2.3.0/gems/actionpack-5.0.0.1/lib/action_dispatch/middleware/templates/rescues/_trace.html.erb (1.6ms)
  Rendering /Users/manahkallon/.rbenv/versions/2.3.1/lib/ruby/gems/2.3.0/gems/actionpack-5.0.0.1/lib/action_dispatch/middleware/templates/rescues/_request_and_response.html.erb
  Rendered /Users/manahkallon/.rbenv/versions/2.3.1/lib/ruby/gems/2.3.0/gems/actionpack-5.0.0.1/lib/action_dispatch/middleware/templates/rescues/_request_and_response.html.erb (1.1ms)
  Rendered /Users/manahkallon/.rbenv/versions/2.3.1/lib/ruby/gems/2.3.0/gems/actionpack-5.0.0.1/lib/action_dispatch/middleware/templates/rescues/diagnostics.html.erb within rescues/layout (68.6ms)
Started GET "/" for ::1 at 2016-11-17 17:45:21 -0800
Processing by MainPageController#index as HTML
  Rendering main_page/index.html.erb within layouts/application
  Rendered main_page/index.html.erb within layouts/application (0.3ms)
Completed 200 OK in 831ms (Views: 825.2ms | ActiveRecord: 0.0ms)


Started GET "/images/back_ground/m.png" for ::1 at 2016-11-17 17:45:22 -0800
  
ActionController::RoutingError (No route matches [GET] "/images/back_ground/m.png"):
  
actionpack (5.0.0.1) lib/action_dispatch/middleware/debug_exceptions.rb:53:in `call'
web-console (3.4.0) lib/web_console/middleware.rb:135:in `call_app'
web-console (3.4.0) lib/web_console/middleware.rb:28:in `block in call'
web-console (3.4.0) lib/web_console/middleware.rb:18:in `catch'
web-console (3.4.0) lib/web_console/middleware.rb:18:in `call'
actionpack (5.0.0.1) lib/action_dispatch/middleware/show_exceptions.rb:31:in `call'
railties (5.0.0.1) lib/rails/rack/logger.rb:36:in `call_app'
railties (5.0.0.1) lib/rails/rack/logger.rb:24:in `block in call'
activesupport (5.0.0.1) lib/active_support/tagged_logging.rb:70:in `block in tagged'
activesupport (5.0.0.1) lib/active_support/tagged_logging.rb:26:in `tagged'
activesupport (5.0.0.1) lib/active_support/tagged_logging.rb:70:in `tagged'
railties (5.0.0.1) lib/rails/rack/logger.rb:24:in `call'
sprockets-rails (3.2.0) lib/sprockets/rails/quiet_assets.rb:13:in `call'
actionpack (5.0.0.1) lib/action_dispatch/middleware/request_id.rb:24:in `call'
rack (2.0.1) lib/rack/method_override.rb:22:in `call'
rack (2.0.1) lib/rack/runtime.rb:22:in `call'
activesupport (5.0.0.1) lib/active_support/cache/strategy/local_cache_middleware.rb:28:in `call'
actionpack (5.0.0.1) lib/action_dispatch/middleware/executor.rb:12:in `call'
actionpack (5.0.0.1) lib/action_dispatch/middleware/static.rb:136:in `call'
rack (2.0.1) lib/rack/sendfile.rb:111:in `call'
railties (5.0.0.1) lib/rails/engine.rb:522:in `call'
puma (3.6.0) lib/puma/configuration.rb:225:in `call'
puma (3.6.0) lib/puma/server.rb:578:in `handle_request'
puma (3.6.0) lib/puma/server.rb:415:in `process_client'
puma (3.6.0) lib/puma/server.rb:275:in `block in run'
puma (3.6.0) lib/puma/thread_pool.rb:116:in `block in spawn_thread'
  Rendering /Users/manahkallon/.rbenv/versions/2.3.1/lib/ruby/gems/2.3.0/gems/actionpack-5.0.0.1/lib/action_dispatch/middleware/templates/rescues/routing_error.html.erb within rescues/layout
  Rendering /Users/manahkallon/.rbenv/versions/2.3.1/lib/ruby/gems/2.3.0/gems/actionpack-5.0.0.1/lib/action_dispatch/middleware/templates/rescues/_trace.html.erb
  Rendered /Users/manahkallon/.rbenv/versions/2.3.1/lib/ruby/gems/2.3.0/gems/actionpack-5.0.0.1/lib/action_dispatch/middleware/templates/rescues/_trace.html.erb (1.9ms)
  Rendered collection of /Users/manahkallon/.rbenv/versions/2.3.1/lib/ruby/gems/2.3.0/gems/actionpack-5.0.0.1/lib/action_dispatch/middleware/templates/routes/_route.html.erb [2 times] (7.7ms)
  Rendered /Users/manahkallon/.rbenv/versions/2.3.1/lib/ruby/gems/2.3.0/gems/actionpack-5.0.0.1/lib/action_dispatch/middleware/templates/routes/_table.html.erb (18.1ms)
  Rendering /Users/manahkallon/.rbenv/versions/2.3.1/lib/ruby/gems/2.3.0/gems/actionpack-5.0.0.1/lib/action_dispatch/middleware/templates/rescues/_request_and_response.html.erb
  Rendered /Users/manahkallon/.rbenv/versions/2.3.1/lib/ruby/gems/2.3.0/gems/actionpack-5.0.0.1/lib/action_dispatch/middleware/templates/rescues/_request_and_response.html.erb (1.8ms)
  Rendered /Users/manahkallon/.rbenv/versions/2.3.1/lib/ruby/gems/2.3.0/gems/actionpack-5.0.0.1/lib/action_dispatch/middleware/templates/rescues/routing_error.html.erb within rescues/layout (152.4ms)
Started GET "/images/mid_ground/m.png" for ::1 at 2016-11-17 17:45:23 -0800
Started GET "/images/fore_ground/m.png" for ::1 at 2016-11-17 17:45:23 -0800
  
ActionController::RoutingError (No route matches [GET] "/images/mid_ground/m.png"):
  
  
actionpack (5.0.0.1) lib/action_dispatch/middleware/debug_exceptions.rb:53:in `call'
ActionController::RoutingError (No route matches [GET] "/images/fore_ground/m.png"):
web-console (3.4.0) lib/web_console/middleware.rb:135:in `call_app'
web-console (3.4.0) lib/web_console/middleware.rb:28:in `block in call'
web-console (3.4.0) lib/web_console/middleware.rb:18:in `catch'
web-console (3.4.0) lib/web_console/middleware.rb:18:in `call'
actionpack (5.0.0.1) lib/action_dispatch/middleware/show_exceptions.rb:31:in `call'
railties (5.0.0.1) lib/rails/rack/logger.rb:36:in `call_app'
railties (5.0.0.1) lib/rails/rack/logger.rb:24:in `block in call'
activesupport (5.0.0.1) lib/active_support/tagged_logging.rb:70:in `block in tagged'
activesupport (5.0.0.1) lib/active_support/tagged_logging.rb:26:in `tagged'
  
activesupport (5.0.0.1) lib/active_support/tagged_logging.rb:70:in `tagged'
actionpack (5.0.0.1) lib/action_dispatch/middleware/debug_exceptions.rb:53:in `call'
railties (5.0.0.1) lib/rails/rack/logger.rb:24:in `call'
web-console (3.4.0) lib/web_console/middleware.rb:135:in `call_app'
sprockets-rails (3.2.0) lib/sprockets/rails/quiet_assets.rb:13:in `call'
web-console (3.4.0) lib/web_console/middleware.rb:28:in `block in call'
actionpack (5.0.0.1) lib/action_dispatch/middleware/request_id.rb:24:in `call'
web-console (3.4.0) lib/web_console/middleware.rb:18:in `catch'
web-console (3.4.0) lib/web_console/middleware.rb:18:in `call'
rack (2.0.1) lib/rack/method_override.rb:22:in `call'
actionpack (5.0.0.1) lib/action_dispatch/middleware/show_exceptions.rb:31:in `call'
rack (2.0.1) lib/rack/runtime.rb:22:in `call'
railties (5.0.0.1) lib/rails/rack/logger.rb:36:in `call_app'
activesupport (5.0.0.1) lib/active_support/cache/strategy/local_cache_middleware.rb:28:in `call'
railties (5.0.0.1) lib/rails/rack/logger.rb:24:in `block in call'
actionpack (5.0.0.1) lib/action_dispatch/middleware/executor.rb:12:in `call'
activesupport (5.0.0.1) lib/active_support/tagged_logging.rb:70:in `block in tagged'
activesupport (5.0.0.1) lib/active_support/tagged_logging.rb:26:in `tagged'
actionpack (5.0.0.1) lib/action_dispatch/middleware/static.rb:136:in `call'
rack (2.0.1) lib/rack/sendfile.rb:111:in `call'
railties (5.0.0.1) lib/rails/engine.rb:522:in `call'
puma (3.6.0) lib/puma/configuration.rb:225:in `call'
puma (3.6.0) lib/puma/server.rb:578:in `handle_request'
puma (3.6.0) lib/puma/server.rb:415:in `process_client'
puma (3.6.0) lib/puma/server.rb:275:in `block in run'
puma (3.6.0) lib/puma/thread_pool.rb:116:in `block in spawn_thread'
activesupport (5.0.0.1) lib/active_support/tagged_logging.rb:70:in `tagged'
railties (5.0.0.1) lib/rails/rack/logger.rb:24:in `call'
sprockets-rails (3.2.0) lib/sprockets/rails/quiet_assets.rb:13:in `call'
actionpack (5.0.0.1) lib/action_dispatch/middleware/request_id.rb:24:in `call'
rack (2.0.1) lib/rack/method_override.rb:22:in `call'
rack (2.0.1) lib/rack/runtime.rb:22:in `call'
activesupport (5.0.0.1) lib/active_support/cache/strategy/local_cache_middleware.rb:28:in `call'
actionpack (5.0.0.1) lib/action_dispatch/middleware/executor.rb:12:in `call'
actionpack (5.0.0.1) lib/action_dispatch/middleware/static.rb:136:in `call'
rack (2.0.1) lib/rack/sendfile.rb:111:in `call'
railties (5.0.0.1) lib/rails/engine.rb:522:in `call'
puma (3.6.0) lib/puma/configuration.rb:225:in `call'
puma (3.6.0) lib/puma/server.rb:578:in `handle_request'
puma (3.6.0) lib/puma/server.rb:415:in `process_client'
puma (3.6.0) lib/puma/server.rb:275:in `block in run'
puma (3.6.0) lib/puma/thread_pool.rb:116:in `block in spawn_thread'
  Rendering /Users/manahkallon/.rbenv/versions/2.3.1/lib/ruby/gems/2.3.0/gems/actionpack-5.0.0.1/lib/action_dispatch/middleware/templates/rescues/routing_error.html.erb within rescues/layout
  Rendering /Users/manahkallon/.rbenv/versions/2.3.1/lib/ruby/gems/2.3.0/gems/actionpack-5.0.0.1/lib/action_dispatch/middleware/templates/rescues/_trace.html.erb
  Rendered /Users/manahkallon/.rbenv/versions/2.3.1/lib/ruby/gems/2.3.0/gems/actionpack-5.0.0.1/lib/action_dispatch/middleware/templates/rescues/_trace.html.erb (2.4ms)
  Rendered collection of /Users/manahkallon/.rbenv/versions/2.3.1/lib/ruby/gems/2.3.0/gems/actionpack-5.0.0.1/lib/action_dispatch/middleware/templates/routes/_route.html.erb [2 times] (3.3ms)
  Rendering /Users/manahkallon/.rbenv/versions/2.3.1/lib/ruby/gems/2.3.0/gems/actionpack-5.0.0.1/lib/action_dispatch/middleware/templates/rescues/routing_error.html.erb within rescues/layout
  Rendered /Users/manahkallon/.rbenv/versions/2.3.1/lib/ruby/gems/2.3.0/gems/actionpack-5.0.0.1/lib/action_dispatch/middleware/templates/routes/_table.html.erb (3.4ms)
  Rendering /Users/manahkallon/.rbenv/versions/2.3.1/lib/ruby/gems/2.3.0/gems/actionpack-5.0.0.1/lib/action_dispatch/middleware/templates/rescues/_request_and_response.html.erb
  Rendering /Users/manahkallon/.rbenv/versions/2.3.1/lib/ruby/gems/2.3.0/gems/actionpack-5.0.0.1/lib/action_dispatch/middleware/templates/rescues/_trace.html.erb
  Rendered /Users/manahkallon/.rbenv/versions/2.3.1/lib/ruby/gems/2.3.0/gems/actionpack-5.0.0.1/lib/action_dispatch/middleware/templates/rescues/_request_and_response.html.erb (2.1ms)
  Rendered /Users/manahkallon/.rbenv/versions/2.3.1/lib/ruby/gems/2.3.0/gems/actionpack-5.0.0.1/lib/action_dispatch/middleware/templates/rescues/_trace.html.erb (3.8ms)
  Rendered /Users/manahkallon/.rbenv/versions/2.3.1/lib/ruby/gems/2.3.0/gems/actionpack-5.0.0.1/lib/action_dispatch/middleware/templates/rescues/routing_error.html.erb within rescues/layout (205.0ms)
  Rendered collection of /Users/manahkallon/.rbenv/versions/2.3.1/lib/ruby/gems/2.3.0/gems/actionpack-5.0.0.1/lib/action_dispatch/middleware/templates/routes/_route.html.erb [2 times] (1.9ms)
  Rendered /Users/manahkallon/.rbenv/versions/2.3.1/lib/ruby/gems/2.3.0/gems/actionpack-5.0.0.1/lib/action_dispatch/middleware/templates/routes/_table.html.erb (2.5ms)
  Rendering /Users/manahkallon/.rbenv/versions/2.3.1/lib/ruby/gems/2.3.0/gems/actionpack-5.0.0.1/lib/action_dispatch/middleware/templates/rescues/_request_and_response.html.erb
  Rendered /Users/manahkallon/.rbenv/versions/2.3.1/lib/ruby/gems/2.3.0/gems/actionpack-5.0.0.1/lib/action_dispatch/middleware/templates/rescues/_request_and_response.html.erb (1.2ms)
  Rendered /Users/manahkallon/.rbenv/versions/2.3.1/lib/ruby/gems/2.3.0/gems/actionpack-5.0.0.1/lib/action_dispatch/middleware/templates/rescues/routing_error.html.erb within rescues/layout (294.5ms)
Started GET "/" for ::1 at 2016-11-17 17:46:49 -0800
Processing by MainPageController#index as HTML
  Rendering main_page/index.html.erb within layouts/application
  Rendered main_page/index.html.erb within layouts/application (0.8ms)
Completed 200 OK in 41ms (Views: 38.6ms | ActiveRecord: 0.0ms)


Started GET "/" for ::1 at 2016-11-17 17:51:36 -0800
Processing by MainPageController#index as HTML
  Rendering main_page/index.html.erb within layouts/application
  Rendered main_page/index.html.erb within layouts/application (0.4ms)
Completed 200 OK in 47ms (Views: 45.3ms | ActiveRecord: 0.0ms)


Started GET "/" for ::1 at 2016-11-17 17:56:55 -0800
Processing by MainPageController#index as HTML
  Rendering main_page/index.html.erb within layouts/application
  Rendered main_page/index.html.erb within layouts/application (0.6ms)
Completed 200 OK in 86ms (Views: 81.3ms | ActiveRecord: 0.0ms)


Started GET "/" for ::1 at 2016-11-17 18:02:27 -0800
Processing by MainPageController#index as HTML
  Rendering main_page/index.html.erb within layouts/application
  Rendered main_page/index.html.erb within layouts/application (0.5ms)
Completed 200 OK in 155ms (Views: 153.4ms | ActiveRecord: 0.0ms)


Started GET "/" for ::1 at 2016-11-17 18:10:36 -0800
Processing by MainPageController#index as HTML
  Rendering main_page/index.html.erb within layouts/application
  Rendered main_page/index.html.erb within layouts/application (2.9ms)
Completed 200 OK in 195ms (Views: 189.1ms | ActiveRecord: 0.0ms)


Started GET "/" for ::1 at 2016-11-17 18:12:46 -0800
Processing by MainPageController#index as HTML
  Rendering main_page/index.html.erb within layouts/application
  Rendered main_page/index.html.erb within layouts/application (0.4ms)
Completed 200 OK in 90ms (Views: 87.1ms | ActiveRecord: 0.0ms)


Started GET "/" for ::1 at 2016-11-17 18:16:13 -0800
Processing by MainPageController#index as HTML
  Rendering main_page/index.html.erb within layouts/application
  Rendered main_page/index.html.erb within layouts/application (2.8ms)
Completed 200 OK in 146ms (Views: 138.1ms | ActiveRecord: 0.0ms)


Started GET "/" for ::1 at 2016-11-17 18:16:44 -0800
Processing by MainPageController#index as HTML
  Rendering main_page/index.html.erb within layouts/application
  Rendered main_page/index.html.erb within layouts/application (0.6ms)
Completed 200 OK in 126ms (Views: 122.6ms | ActiveRecord: 0.0ms)


Started GET "/" for ::1 at 2016-11-17 18:21:22 -0800
Processing by MainPageController#index as HTML
  Rendering main_page/index.html.erb within layouts/application
  Rendered main_page/index.html.erb within layouts/application (0.4ms)
Completed 200 OK in 110ms (Views: 108.0ms | ActiveRecord: 0.0ms)


Started GET "/" for ::1 at 2016-11-17 18:21:45 -0800
Processing by MainPageController#index as HTML
  Rendering main_page/index.html.erb within layouts/application
  Rendered main_page/index.html.erb within layouts/application (0.3ms)
Completed 200 OK in 85ms (Views: 84.2ms | ActiveRecord: 0.0ms)


Started GET "/" for ::1 at 2016-11-17 18:22:58 -0800
Processing by MainPageController#index as HTML
  Rendering main_page/index.html.erb within layouts/application
  Rendered main_page/index.html.erb within layouts/application (0.3ms)
Completed 200 OK in 23ms (Views: 21.0ms | ActiveRecord: 0.0ms)


Started GET "/" for ::1 at 2016-11-17 18:23:41 -0800
Processing by MainPageController#index as HTML
  Rendering main_page/index.html.erb within layouts/application
  Rendered main_page/index.html.erb within layouts/application (0.5ms)
Completed 200 OK in 33ms (Views: 28.4ms | ActiveRecord: 0.0ms)


Started GET "/" for ::1 at 2016-11-17 18:25:58 -0800
Processing by MainPageController#index as HTML
  Rendering main_page/index.html.erb within layouts/application
  Rendered main_page/index.html.erb within layouts/application (0.5ms)
Completed 200 OK in 89ms (Views: 88.0ms | ActiveRecord: 0.0ms)


Started GET "/" for ::1 at 2016-11-17 18:26:56 -0800
Processing by MainPageController#index as HTML
  Rendering main_page/index.html.erb within layouts/application
  Rendered main_page/index.html.erb within layouts/application (0.6ms)
Completed 200 OK in 82ms (Views: 80.8ms | ActiveRecord: 0.0ms)


Started GET "/" for ::1 at 2016-11-17 18:27:30 -0800
Processing by MainPageController#index as HTML
  Rendering main_page/index.html.erb within layouts/application
  Rendered main_page/index.html.erb within layouts/application (0.3ms)
Completed 200 OK in 82ms (Views: 80.6ms | ActiveRecord: 0.0ms)


Started GET "/" for ::1 at 2016-11-17 18:31:21 -0800
Processing by MainPageController#index as HTML
  Rendering main_page/index.html.erb within layouts/application
  Rendered main_page/index.html.erb within layouts/application (0.5ms)
Completed 200 OK in 58ms (Views: 56.5ms | ActiveRecord: 0.0ms)


Started GET "/" for ::1 at 2016-11-17 18:34:31 -0800
Processing by MainPageController#index as HTML
  Rendering main_page/index.html.erb within layouts/application
  Rendered main_page/index.html.erb within layouts/application (0.5ms)
Completed 200 OK in 45ms (Views: 43.6ms | ActiveRecord: 0.0ms)


Started GET "/" for ::1 at 2016-11-17 18:34:53 -0800
Processing by MainPageController#index as HTML
  Rendering main_page/index.html.erb within layouts/application
  Rendered main_page/index.html.erb within layouts/application (0.3ms)
Completed 200 OK in 39ms (Views: 38.1ms | ActiveRecord: 0.0ms)


Started GET "/" for ::1 at 2016-11-17 18:35:41 -0800
Processing by MainPageController#index as HTML
  Rendering main_page/index.html.erb within layouts/application
  Rendered main_page/index.html.erb within layouts/application (0.3ms)
Completed 200 OK in 56ms (Views: 54.5ms | ActiveRecord: 0.0ms)


Started GET "/" for ::1 at 2016-11-17 18:37:46 -0800
Processing by MainPageController#index as HTML
  Rendering main_page/index.html.erb within layouts/application
  Rendered main_page/index.html.erb within layouts/application (0.4ms)
Completed 200 OK in 55ms (Views: 53.2ms | ActiveRecord: 0.0ms)


Started GET "/" for ::1 at 2016-11-17 18:45:48 -0800
Processing by MainPageController#index as HTML
  Rendering main_page/index.html.erb within layouts/application
  Rendered main_page/index.html.erb within layouts/application (0.5ms)
Completed 200 OK in 89ms (Views: 86.9ms | ActiveRecord: 0.0ms)


Started GET "/" for ::1 at 2016-11-17 18:49:19 -0800
Processing by MainPageController#index as HTML
  Rendering main_page/index.html.erb within layouts/application
  Rendered main_page/index.html.erb within layouts/application (0.4ms)
Completed 200 OK in 113ms (Views: 110.6ms | ActiveRecord: 0.0ms)


Started GET "/" for ::1 at 2016-11-17 18:56:02 -0800
Processing by MainPageController#index as HTML
  Rendering main_page/index.html.erb within layouts/application
  Rendered main_page/index.html.erb within layouts/application (0.5ms)
Completed 200 OK in 100ms (Views: 97.7ms | ActiveRecord: 0.0ms)


Started GET "/" for ::1 at 2016-11-17 18:56:45 -0800
Processing by MainPageController#index as HTML
  Rendering main_page/index.html.erb within layouts/application
  Rendered main_page/index.html.erb within layouts/application (0.4ms)
Completed 200 OK in 93ms (Views: 91.1ms | ActiveRecord: 0.0ms)


Started GET "/" for ::1 at 2016-11-17 18:57:04 -0800
Processing by MainPageController#index as HTML
  Rendering main_page/index.html.erb within layouts/application
  Rendered main_page/index.html.erb within layouts/application (0.6ms)
Completed 200 OK in 88ms (Views: 86.3ms | ActiveRecord: 0.0ms)


Started GET "/" for ::1 at 2016-11-17 18:57:47 -0800
Processing by MainPageController#index as HTML
  Rendering main_page/index.html.erb within layouts/application
  Rendered main_page/index.html.erb within layouts/application (0.3ms)
Completed 200 OK in 77ms (Views: 75.4ms | ActiveRecord: 0.0ms)


Started GET "/" for ::1 at 2016-11-17 18:58:52 -0800
Processing by MainPageController#index as HTML
  Rendering main_page/index.html.erb within layouts/application
  Rendered main_page/index.html.erb within layouts/application (0.4ms)
Completed 200 OK in 79ms (Views: 77.2ms | ActiveRecord: 0.0ms)


Started GET "/" for ::1 at 2016-11-17 19:00:40 -0800
Processing by MainPageController#index as HTML
  Rendering main_page/index.html.erb within layouts/application
  Rendered main_page/index.html.erb within layouts/application (0.3ms)
Completed 200 OK in 95ms (Views: 93.6ms | ActiveRecord: 0.0ms)


Started GET "/" for ::1 at 2016-11-17 19:01:27 -0800
Processing by MainPageController#index as HTML
  Rendering main_page/index.html.erb within layouts/application
  Rendered main_page/index.html.erb within layouts/application (0.4ms)
Completed 200 OK in 98ms (Views: 96.0ms | ActiveRecord: 0.0ms)


Started GET "/" for ::1 at 2016-11-17 19:13:55 -0800
Processing by MainPageController#index as HTML
  Rendering main_page/index.html.erb within layouts/application
  Rendered main_page/index.html.erb within layouts/application (0.7ms)
Completed 200 OK in 101ms (Views: 98.4ms | ActiveRecord: 0.0ms)


Started GET "/" for ::1 at 2016-11-17 19:18:32 -0800
Processing by MainPageController#index as HTML
  Rendering main_page/index.html.erb within layouts/application
  Rendered main_page/index.html.erb within layouts/application (0.5ms)
Completed 200 OK in 129ms (Views: 127.4ms | ActiveRecord: 0.0ms)


Started GET "/" for ::1 at 2016-11-17 19:22:39 -0800
Processing by MainPageController#index as HTML
  Rendering main_page/index.html.erb within layouts/application
  Rendered main_page/index.html.erb within layouts/application (0.7ms)
Completed 500 Internal Server Error in 25ms (ActiveRecord: 0.0ms)


  
ActionView::Template::Error (Invalid CSS after "  width": expected ";", was ":1000px"):
    4:     <title>PersonalWebsite</title>
    5:     <%= csrf_meta_tags %>
    6: 
    7:     <%= stylesheet_link_tag    'application', media: 'all', 'data-turbolinks-track': 'reload' %>
    8:     <%= javascript_include_tag 'application', 'data-turbolinks-track': 'reload' %>
    9:   </head>
   10: 
  
app/assets/stylesheets/main_page.scss:5
app/views/layouts/application.html.erb:7:in `_app_views_layouts_application_html_erb__1459576876542880114_70280736797580'
  Rendering /Users/manahkallon/.rbenv/versions/2.3.1/lib/ruby/gems/2.3.0/gems/actionpack-5.0.0.1/lib/action_dispatch/middleware/templates/rescues/template_error.html.erb within rescues/layout
  Rendering /Users/manahkallon/.rbenv/versions/2.3.1/lib/ruby/gems/2.3.0/gems/actionpack-5.0.0.1/lib/action_dispatch/middleware/templates/rescues/_source.html.erb
  Rendered /Users/manahkallon/.rbenv/versions/2.3.1/lib/ruby/gems/2.3.0/gems/actionpack-5.0.0.1/lib/action_dispatch/middleware/templates/rescues/_source.html.erb (5.5ms)
  Rendering /Users/manahkallon/.rbenv/versions/2.3.1/lib/ruby/gems/2.3.0/gems/actionpack-5.0.0.1/lib/action_dispatch/middleware/templates/rescues/_trace.html.erb
  Rendered /Users/manahkallon/.rbenv/versions/2.3.1/lib/ruby/gems/2.3.0/gems/actionpack-5.0.0.1/lib/action_dispatch/middleware/templates/rescues/_trace.html.erb (2.4ms)
  Rendering /Users/manahkallon/.rbenv/versions/2.3.1/lib/ruby/gems/2.3.0/gems/actionpack-5.0.0.1/lib/action_dispatch/middleware/templates/rescues/_request_and_response.html.erb
  Rendered /Users/manahkallon/.rbenv/versions/2.3.1/lib/ruby/gems/2.3.0/gems/actionpack-5.0.0.1/lib/action_dispatch/middleware/templates/rescues/_request_and_response.html.erb (1.2ms)
  Rendered /Users/manahkallon/.rbenv/versions/2.3.1/lib/ruby/gems/2.3.0/gems/actionpack-5.0.0.1/lib/action_dispatch/middleware/templates/rescues/template_error.html.erb within rescues/layout (81.6ms)
Started GET "/" for ::1 at 2016-11-17 19:22:56 -0800
Processing by MainPageController#index as HTML
  Rendering main_page/index.html.erb within layouts/application
  Rendered main_page/index.html.erb within layouts/application (0.3ms)
Completed 200 OK in 56ms (Views: 54.0ms | ActiveRecord: 0.0ms)


Started GET "/" for ::1 at 2016-11-17 19:23:22 -0800
Processing by MainPageController#index as HTML
  Rendering main_page/index.html.erb within layouts/application
  Rendered main_page/index.html.erb within layouts/application (0.4ms)
Completed 200 OK in 58ms (Views: 57.2ms | ActiveRecord: 0.0ms)


Started GET "/" for ::1 at 2016-11-17 19:23:46 -0800
Processing by MainPageController#index as HTML
  Rendering main_page/index.html.erb within layouts/application
  Rendered main_page/index.html.erb within layouts/application (0.6ms)
Completed 200 OK in 29ms (Views: 27.9ms | ActiveRecord: 0.0ms)


Started GET "/" for ::1 at 2016-11-17 19:25:45 -0800
Processing by MainPageController#index as HTML
  Rendering main_page/index.html.erb within layouts/application
  Rendered main_page/index.html.erb within layouts/application (0.4ms)
Completed 200 OK in 33ms (Views: 30.0ms | ActiveRecord: 0.0ms)


Started GET "/" for ::1 at 2016-11-17 19:26:26 -0800
Processing by MainPageController#index as HTML
  Rendering main_page/index.html.erb within layouts/application
  Rendered main_page/index.html.erb within layouts/application (0.3ms)
Completed 200 OK in 51ms (Views: 49.3ms | ActiveRecord: 0.0ms)


Started GET "/" for ::1 at 2016-11-17 19:31:02 -0800
Processing by MainPageController#index as HTML
  Rendering main_page/index.html.erb within layouts/application
  Rendered main_page/index.html.erb within layouts/application (0.5ms)
Completed 200 OK in 104ms (Views: 101.8ms | ActiveRecord: 0.0ms)


Started GET "/" for ::1 at 2016-11-17 19:31:28 -0800
Processing by MainPageController#index as HTML
  Rendering main_page/index.html.erb within layouts/application
  Rendered main_page/index.html.erb within layouts/application (0.4ms)
Completed 200 OK in 92ms (Views: 89.8ms | ActiveRecord: 0.0ms)


Started GET "/" for ::1 at 2016-11-17 19:32:25 -0800
Processing by MainPageController#index as HTML
  Rendering main_page/index.html.erb within layouts/application
  Rendered main_page/index.html.erb within layouts/application (0.3ms)
Completed 200 OK in 78ms (Views: 76.3ms | ActiveRecord: 0.0ms)


Started GET "/" for ::1 at 2016-11-17 19:32:52 -0800
Processing by MainPageController#index as HTML
  Rendering main_page/index.html.erb within layouts/application
  Rendered main_page/index.html.erb within layouts/application (0.5ms)
Completed 200 OK in 82ms (Views: 80.2ms | ActiveRecord: 0.0ms)


Started GET "/" for ::1 at 2016-11-17 19:33:19 -0800
Processing by MainPageController#index as HTML
  Rendering main_page/index.html.erb within layouts/application
  Rendered main_page/index.html.erb within layouts/application (0.5ms)
Completed 200 OK in 81ms (Views: 79.2ms | ActiveRecord: 0.0ms)


Started GET "/" for ::1 at 2016-11-17 19:35:04 -0800
Processing by MainPageController#index as HTML
  Rendering main_page/index.html.erb within layouts/application
  Rendered main_page/index.html.erb within layouts/application (0.4ms)
Completed 200 OK in 82ms (Views: 79.9ms | ActiveRecord: 0.0ms)


Started GET "/" for ::1 at 2016-11-17 19:36:11 -0800
Processing by MainPageController#index as HTML
  Rendering main_page/index.html.erb within layouts/application
  Rendered main_page/index.html.erb within layouts/application (0.4ms)
Completed 200 OK in 139ms (Views: 137.2ms | ActiveRecord: 0.0ms)


Started GET "/" for ::1 at 2016-11-18 20:29:14 -0800
Processing by MainPageController#index as HTML
  Rendering main_page/index.html.erb within layouts/application
  Rendered main_page/index.html.erb within layouts/application (2.2ms)
Completed 200 OK in 100ms (Views: 90.5ms | ActiveRecord: 0.0ms)


Started GET "/" for ::1 at 2016-11-18 20:34:22 -0800
Processing by MainPageController#index as HTML
  Rendering main_page/index.html.erb within layouts/application
  Rendered main_page/index.html.erb within layouts/application (0.8ms)
Completed 200 OK in 90ms (Views: 87.7ms | ActiveRecord: 0.0ms)


Started GET "/" for ::1 at 2016-11-18 20:57:12 -0800
Processing by MainPageController#index as HTML
  Rendering main_page/index.html.erb within layouts/application
  Rendered main_page/index.html.erb within layouts/application (10.4ms)
Completed 200 OK in 253ms (Views: 242.3ms | ActiveRecord: 0.0ms)


Started GET "/" for ::1 at 2016-11-18 20:57:40 -0800
Processing by MainPageController#index as HTML
  Rendering main_page/index.html.erb within layouts/application
  Rendered main_page/index.html.erb within layouts/application (1.7ms)
Completed 200 OK in 141ms (Views: 139.4ms | ActiveRecord: 0.0ms)


Started GET "/" for ::1 at 2016-11-18 20:59:18 -0800
Processing by MainPageController#index as HTML
  Rendering main_page/index.html.erb within layouts/application
  Rendered main_page/index.html.erb within layouts/application (0.5ms)
Completed 200 OK in 82ms (Views: 80.4ms | ActiveRecord: 0.0ms)


Started GET "/" for ::1 at 2016-11-18 21:00:37 -0800
Processing by MainPageController#index as HTML
  Rendering main_page/index.html.erb within layouts/application
  Rendered main_page/index.html.erb within layouts/application (1.7ms)
Completed 200 OK in 64ms (Views: 62.4ms | ActiveRecord: 0.0ms)


Started GET "/" for ::1 at 2016-11-18 21:01:15 -0800
Processing by MainPageController#index as HTML
  Rendering main_page/index.html.erb within layouts/application
  Rendered main_page/index.html.erb within layouts/application (1.6ms)
Completed 200 OK in 58ms (Views: 55.8ms | ActiveRecord: 0.0ms)


Started GET "/" for ::1 at 2016-11-18 21:07:37 -0800
Processing by MainPageController#index as HTML
  Rendering main_page/index.html.erb within layouts/application
  Rendered main_page/index.html.erb within layouts/application (1.8ms)
Completed 200 OK in 111ms (Views: 108.6ms | ActiveRecord: 0.0ms)


Started GET "/" for ::1 at 2016-11-18 21:07:56 -0800
Processing by MainPageController#index as HTML
  Rendering main_page/index.html.erb within layouts/application
  Rendered main_page/index.html.erb within layouts/application (0.4ms)
Completed 200 OK in 88ms (Views: 86.9ms | ActiveRecord: 0.0ms)


Started GET "/" for ::1 at 2016-11-18 21:08:22 -0800
Processing by MainPageController#index as HTML
  Rendering main_page/index.html.erb within layouts/application
  Rendered main_page/index.html.erb within layouts/application (0.5ms)
Completed 200 OK in 118ms (Views: 116.4ms | ActiveRecord: 0.0ms)


Started GET "/" for ::1 at 2016-11-18 21:08:53 -0800
Processing by MainPageController#index as HTML
  Rendering main_page/index.html.erb within layouts/application
  Rendered main_page/index.html.erb within layouts/application (0.5ms)
Completed 200 OK in 100ms (Views: 98.7ms | ActiveRecord: 0.0ms)


Started GET "/" for ::1 at 2016-11-18 21:09:15 -0800
Processing by MainPageController#index as HTML
  Rendering main_page/index.html.erb within layouts/application
  Rendered main_page/index.html.erb within layouts/application (0.4ms)
Completed 200 OK in 99ms (Views: 97.3ms | ActiveRecord: 0.0ms)


Started GET "/" for ::1 at 2016-11-18 21:09:58 -0800
Processing by MainPageController#index as HTML
  Rendering main_page/index.html.erb within layouts/application
  Rendered main_page/index.html.erb within layouts/application (0.5ms)
Completed 200 OK in 88ms (Views: 86.8ms | ActiveRecord: 0.0ms)


Started GET "/" for ::1 at 2016-11-18 21:10:20 -0800
Processing by MainPageController#index as HTML
  Rendering main_page/index.html.erb within layouts/application
  Rendered main_page/index.html.erb within layouts/application (0.4ms)
Completed 200 OK in 24ms (Views: 22.5ms | ActiveRecord: 0.0ms)


Started GET "/" for ::1 at 2016-11-18 21:10:45 -0800
Processing by MainPageController#index as HTML
  Rendering main_page/index.html.erb within layouts/application
  Rendered main_page/index.html.erb within layouts/application (0.7ms)
Completed 200 OK in 92ms (Views: 89.9ms | ActiveRecord: 0.0ms)


Started GET "/" for ::1 at 2016-11-18 21:13:16 -0800
Processing by MainPageController#index as HTML
  Rendering main_page/index.html.erb within layouts/application
  Rendered main_page/index.html.erb within layouts/application (0.5ms)
Completed 200 OK in 94ms (Views: 92.9ms | ActiveRecord: 0.0ms)


Started GET "/images/walk_sprites.png" for ::1 at 2016-11-18 21:13:17 -0800
  
ActionController::RoutingError (No route matches [GET] "/images/walk_sprites.png"):
  
actionpack (5.0.0.1) lib/action_dispatch/middleware/debug_exceptions.rb:53:in `call'
web-console (3.4.0) lib/web_console/middleware.rb:135:in `call_app'
web-console (3.4.0) lib/web_console/middleware.rb:28:in `block in call'
web-console (3.4.0) lib/web_console/middleware.rb:18:in `catch'
web-console (3.4.0) lib/web_console/middleware.rb:18:in `call'
actionpack (5.0.0.1) lib/action_dispatch/middleware/show_exceptions.rb:31:in `call'
railties (5.0.0.1) lib/rails/rack/logger.rb:36:in `call_app'
railties (5.0.0.1) lib/rails/rack/logger.rb:24:in `block in call'
activesupport (5.0.0.1) lib/active_support/tagged_logging.rb:70:in `block in tagged'
activesupport (5.0.0.1) lib/active_support/tagged_logging.rb:26:in `tagged'
activesupport (5.0.0.1) lib/active_support/tagged_logging.rb:70:in `tagged'
railties (5.0.0.1) lib/rails/rack/logger.rb:24:in `call'
sprockets-rails (3.2.0) lib/sprockets/rails/quiet_assets.rb:13:in `call'
actionpack (5.0.0.1) lib/action_dispatch/middleware/request_id.rb:24:in `call'
rack (2.0.1) lib/rack/method_override.rb:22:in `call'
rack (2.0.1) lib/rack/runtime.rb:22:in `call'
activesupport (5.0.0.1) lib/active_support/cache/strategy/local_cache_middleware.rb:28:in `call'
actionpack (5.0.0.1) lib/action_dispatch/middleware/executor.rb:12:in `call'
actionpack (5.0.0.1) lib/action_dispatch/middleware/static.rb:136:in `call'
rack (2.0.1) lib/rack/sendfile.rb:111:in `call'
railties (5.0.0.1) lib/rails/engine.rb:522:in `call'
puma (3.6.0) lib/puma/configuration.rb:225:in `call'
puma (3.6.0) lib/puma/server.rb:578:in `handle_request'
puma (3.6.0) lib/puma/server.rb:415:in `process_client'
puma (3.6.0) lib/puma/server.rb:275:in `block in run'
puma (3.6.0) lib/puma/thread_pool.rb:116:in `block in spawn_thread'
  Rendering /Users/manahkallon/.rbenv/versions/2.3.1/lib/ruby/gems/2.3.0/gems/actionpack-5.0.0.1/lib/action_dispatch/middleware/templates/rescues/routing_error.html.erb within rescues/layout
  Rendering /Users/manahkallon/.rbenv/versions/2.3.1/lib/ruby/gems/2.3.0/gems/actionpack-5.0.0.1/lib/action_dispatch/middleware/templates/rescues/_trace.html.erb
  Rendered /Users/manahkallon/.rbenv/versions/2.3.1/lib/ruby/gems/2.3.0/gems/actionpack-5.0.0.1/lib/action_dispatch/middleware/templates/rescues/_trace.html.erb (2.7ms)
  Rendered collection of /Users/manahkallon/.rbenv/versions/2.3.1/lib/ruby/gems/2.3.0/gems/actionpack-5.0.0.1/lib/action_dispatch/middleware/templates/routes/_route.html.erb [2 times] (15.6ms)
  Rendered /Users/manahkallon/.rbenv/versions/2.3.1/lib/ruby/gems/2.3.0/gems/actionpack-5.0.0.1/lib/action_dispatch/middleware/templates/routes/_table.html.erb (2.1ms)
  Rendering /Users/manahkallon/.rbenv/versions/2.3.1/lib/ruby/gems/2.3.0/gems/actionpack-5.0.0.1/lib/action_dispatch/middleware/templates/rescues/_request_and_response.html.erb
  Rendered /Users/manahkallon/.rbenv/versions/2.3.1/lib/ruby/gems/2.3.0/gems/actionpack-5.0.0.1/lib/action_dispatch/middleware/templates/rescues/_request_and_response.html.erb (1.2ms)
  Rendered /Users/manahkallon/.rbenv/versions/2.3.1/lib/ruby/gems/2.3.0/gems/actionpack-5.0.0.1/lib/action_dispatch/middleware/templates/rescues/routing_error.html.erb within rescues/layout (128.1ms)
Started GET "/" for ::1 at 2016-11-18 21:14:44 -0800
Processing by MainPageController#index as HTML
  Rendering main_page/index.html.erb within layouts/application
  Rendered main_page/index.html.erb within layouts/application (0.8ms)
Completed 200 OK in 89ms (Views: 88.2ms | ActiveRecord: 0.0ms)


Started GET "/" for ::1 at 2016-11-18 21:15:31 -0800
Processing by MainPageController#index as HTML
  Rendering main_page/index.html.erb within layouts/application
  Rendered main_page/index.html.erb within layouts/application (0.3ms)
Completed 200 OK in 109ms (Views: 107.0ms | ActiveRecord: 0.0ms)


Started GET "/" for ::1 at 2016-11-18 21:15:55 -0800
Processing by MainPageController#index as HTML
  Rendering main_page/index.html.erb within layouts/application
  Rendered main_page/index.html.erb within layouts/application (0.4ms)
Completed 200 OK in 114ms (Views: 113.0ms | ActiveRecord: 0.0ms)


Started GET "/" for ::1 at 2016-11-18 21:16:10 -0800
Processing by MainPageController#index as HTML
  Rendering main_page/index.html.erb within layouts/application
  Rendered main_page/index.html.erb within layouts/application (0.5ms)
Completed 200 OK in 42ms (Views: 39.0ms | ActiveRecord: 0.0ms)


Started GET "/" for ::1 at 2016-11-18 21:16:54 -0800
Processing by MainPageController#index as HTML
  Rendering main_page/index.html.erb within layouts/application
  Rendered main_page/index.html.erb within layouts/application (0.3ms)
Completed 200 OK in 84ms (Views: 82.5ms | ActiveRecord: 0.0ms)


Started GET "/" for ::1 at 2016-11-18 21:18:16 -0800
Processing by MainPageController#index as HTML
  Rendering main_page/index.html.erb within layouts/application
  Rendered main_page/index.html.erb within layouts/application (0.3ms)
Completed 200 OK in 128ms (Views: 125.4ms | ActiveRecord: 0.0ms)


Started GET "/" for ::1 at 2016-11-18 21:18:32 -0800
Processing by MainPageController#index as HTML
  Rendering main_page/index.html.erb within layouts/application
  Rendered main_page/index.html.erb within layouts/application (0.5ms)
Completed 200 OK in 26ms (Views: 24.4ms | ActiveRecord: 0.0ms)


Started GET "/" for ::1 at 2016-11-18 21:19:55 -0800
Processing by MainPageController#index as HTML
  Rendering main_page/index.html.erb within layouts/application
  Rendered main_page/index.html.erb within layouts/application (0.5ms)
Completed 200 OK in 106ms (Views: 104.1ms | ActiveRecord: 0.0ms)


Started GET "/" for ::1 at 2016-11-18 21:21:23 -0800
Processing by MainPageController#index as HTML
  Rendering main_page/index.html.erb within layouts/application
  Rendered main_page/index.html.erb within layouts/application (0.3ms)
Completed 200 OK in 80ms (Views: 78.0ms | ActiveRecord: 0.0ms)


Started GET "/" for ::1 at 2016-11-18 21:21:42 -0800
Processing by MainPageController#index as HTML
  Rendering main_page/index.html.erb within layouts/application
  Rendered main_page/index.html.erb within layouts/application (0.3ms)
Completed 200 OK in 108ms (Views: 106.6ms | ActiveRecord: 0.0ms)


Started GET "/" for ::1 at 2016-11-18 21:23:53 -0800
Processing by MainPageController#index as HTML
  Rendering main_page/index.html.erb within layouts/application
  Rendered main_page/index.html.erb within layouts/application (0.4ms)
Completed 200 OK in 24ms (Views: 22.2ms | ActiveRecord: 0.0ms)


Started GET "/" for ::1 at 2016-11-18 21:26:21 -0800
Processing by MainPageController#index as HTML
  Rendering main_page/index.html.erb within layouts/application
  Rendered main_page/index.html.erb within layouts/application (0.4ms)
Completed 200 OK in 26ms (Views: 23.7ms | ActiveRecord: 0.0ms)


Started GET "/" for ::1 at 2016-11-18 21:27:58 -0800
Processing by MainPageController#index as HTML
  Rendering main_page/index.html.erb within layouts/application
  Rendered main_page/index.html.erb within layouts/application (0.3ms)
Completed 200 OK in 26ms (Views: 25.0ms | ActiveRecord: 0.0ms)


Started GET "/" for ::1 at 2016-11-18 21:28:40 -0800
Processing by MainPageController#index as HTML
  Rendering main_page/index.html.erb within layouts/application
  Rendered main_page/index.html.erb within layouts/application (0.4ms)
Completed 200 OK in 81ms (Views: 78.7ms | ActiveRecord: 0.0ms)


Started GET "/" for ::1 at 2016-11-18 21:30:45 -0800
Processing by MainPageController#index as HTML
  Rendering main_page/index.html.erb within layouts/application
  Rendered main_page/index.html.erb within layouts/application (0.8ms)
Completed 200 OK in 115ms (Views: 112.4ms | ActiveRecord: 0.0ms)


Started GET "/" for ::1 at 2016-11-18 21:30:56 -0800
Processing by MainPageController#index as HTML
  Rendering main_page/index.html.erb within layouts/application
  Rendered main_page/index.html.erb within layouts/application (0.4ms)
Completed 200 OK in 95ms (Views: 94.2ms | ActiveRecord: 0.0ms)


Started GET "/" for ::1 at 2016-11-18 21:31:34 -0800
Processing by MainPageController#index as HTML
  Rendering main_page/index.html.erb within layouts/application
  Rendered main_page/index.html.erb within layouts/application (0.4ms)
Completed 200 OK in 78ms (Views: 76.4ms | ActiveRecord: 0.0ms)


Started GET "/" for ::1 at 2016-11-18 21:32:25 -0800
Processing by MainPageController#index as HTML
  Rendering main_page/index.html.erb within layouts/application
  Rendered main_page/index.html.erb within layouts/application (0.4ms)
Completed 200 OK in 99ms (Views: 97.3ms | ActiveRecord: 0.0ms)


Started GET "/" for ::1 at 2016-11-18 21:34:36 -0800
Processing by MainPageController#index as HTML
  Rendering main_page/index.html.erb within layouts/application
  Rendered main_page/index.html.erb within layouts/application (0.4ms)
Completed 200 OK in 88ms (Views: 86.1ms | ActiveRecord: 0.0ms)


Started GET "/" for ::1 at 2016-11-18 21:35:21 -0800
Processing by MainPageController#index as HTML
  Rendering main_page/index.html.erb within layouts/application
  Rendered main_page/index.html.erb within layouts/application (0.4ms)
Completed 200 OK in 99ms (Views: 98.1ms | ActiveRecord: 0.0ms)


Started GET "/" for ::1 at 2016-11-18 21:36:02 -0800
Processing by MainPageController#index as HTML
  Rendering main_page/index.html.erb within layouts/application
  Rendered main_page/index.html.erb within layouts/application (0.4ms)
Completed 200 OK in 139ms (Views: 136.7ms | ActiveRecord: 0.0ms)


Started GET "/" for ::1 at 2016-11-18 21:36:38 -0800
Processing by MainPageController#index as HTML
  Rendering main_page/index.html.erb within layouts/application
  Rendered main_page/index.html.erb within layouts/application (0.5ms)
Completed 200 OK in 24ms (Views: 23.0ms | ActiveRecord: 0.0ms)


Started GET "/" for ::1 at 2016-11-18 21:36:59 -0800
Processing by MainPageController#index as HTML
  Rendering main_page/index.html.erb within layouts/application
  Rendered main_page/index.html.erb within layouts/application (0.5ms)
Completed 200 OK in 63ms (Views: 61.5ms | ActiveRecord: 0.0ms)


Started GET "/" for ::1 at 2016-11-18 21:37:40 -0800
Processing by MainPageController#index as HTML
  Rendering main_page/index.html.erb within layouts/application
  Rendered main_page/index.html.erb within layouts/application (0.5ms)
Completed 200 OK in 73ms (Views: 71.3ms | ActiveRecord: 0.0ms)


Started GET "/" for ::1 at 2016-11-18 21:37:51 -0800
Processing by MainPageController#index as HTML
  Rendering main_page/index.html.erb within layouts/application
  Rendered main_page/index.html.erb within layouts/application (0.4ms)
Completed 200 OK in 25ms (Views: 22.5ms | ActiveRecord: 0.0ms)


Started GET "/" for ::1 at 2016-11-18 21:38:14 -0800
Processing by MainPageController#index as HTML
  Rendering main_page/index.html.erb within layouts/application
  Rendered main_page/index.html.erb within layouts/application (0.3ms)
Completed 200 OK in 60ms (Views: 58.0ms | ActiveRecord: 0.0ms)


Started GET "/" for ::1 at 2016-11-18 21:43:02 -0800
Processing by MainPageController#index as HTML
  Rendering main_page/index.html.erb within layouts/application
  Rendered main_page/index.html.erb within layouts/application (0.6ms)
Completed 200 OK in 116ms (Views: 114.3ms | ActiveRecord: 0.0ms)


Started GET "/" for ::1 at 2016-11-18 21:43:42 -0800
Processing by MainPageController#index as HTML
  Rendering main_page/index.html.erb within layouts/application
  Rendered main_page/index.html.erb within layouts/application (0.3ms)
Completed 200 OK in 105ms (Views: 103.0ms | ActiveRecord: 0.0ms)


Started GET "/" for ::1 at 2016-11-18 21:44:12 -0800
Processing by MainPageController#index as HTML
  Rendering main_page/index.html.erb within layouts/application
  Rendered main_page/index.html.erb within layouts/application (2.3ms)
Completed 200 OK in 148ms (Views: 139.8ms | ActiveRecord: 0.0ms)


Started GET "/" for ::1 at 2016-11-18 21:45:05 -0800
Processing by MainPageController#index as HTML
  Rendering main_page/index.html.erb within layouts/application
  Rendered main_page/index.html.erb within layouts/application (0.3ms)
Completed 200 OK in 109ms (Views: 106.9ms | ActiveRecord: 0.0ms)


Started GET "/" for ::1 at 2016-11-18 21:47:52 -0800
Processing by MainPageController#index as HTML
  Rendering main_page/index.html.erb within layouts/application
  Rendered main_page/index.html.erb within layouts/application (0.5ms)
Completed 200 OK in 161ms (Views: 158.3ms | ActiveRecord: 0.0ms)


Started GET "/" for ::1 at 2016-11-18 21:48:43 -0800
Processing by MainPageController#index as HTML
  Rendering main_page/index.html.erb within layouts/application
  Rendered main_page/index.html.erb within layouts/application (0.3ms)
Completed 200 OK in 66ms (Views: 63.9ms | ActiveRecord: 0.0ms)


Started GET "/" for ::1 at 2016-11-18 21:49:08 -0800
Processing by MainPageController#index as HTML
  Rendering main_page/index.html.erb within layouts/application
  Rendered main_page/index.html.erb within layouts/application (0.4ms)
Completed 200 OK in 111ms (Views: 109.9ms | ActiveRecord: 0.0ms)


Started GET "/" for ::1 at 2016-11-18 21:50:37 -0800
Processing by MainPageController#index as HTML
  Rendering main_page/index.html.erb within layouts/application
  Rendered main_page/index.html.erb within layouts/application (0.4ms)
Completed 200 OK in 104ms (Views: 101.7ms | ActiveRecord: 0.0ms)


Started GET "/" for ::1 at 2016-11-18 21:50:51 -0800
Processing by MainPageController#index as HTML
  Rendering main_page/index.html.erb within layouts/application
  Rendered main_page/index.html.erb within layouts/application (0.3ms)
Completed 200 OK in 85ms (Views: 83.2ms | ActiveRecord: 0.0ms)


Started GET "/" for ::1 at 2016-11-18 21:51:12 -0800
Processing by MainPageController#index as HTML
  Rendering main_page/index.html.erb within layouts/application
  Rendered main_page/index.html.erb within layouts/application (0.4ms)
Completed 200 OK in 94ms (Views: 91.8ms | ActiveRecord: 0.0ms)


Started GET "/" for ::1 at 2016-11-18 21:51:37 -0800
Processing by MainPageController#index as HTML
  Rendering main_page/index.html.erb within layouts/application
  Rendered main_page/index.html.erb within layouts/application (0.8ms)
Completed 200 OK in 125ms (Views: 123.6ms | ActiveRecord: 0.0ms)


Started GET "/" for ::1 at 2016-11-18 21:52:22 -0800
Processing by MainPageController#index as HTML
  Rendering main_page/index.html.erb within layouts/application
  Rendered main_page/index.html.erb within layouts/application (0.4ms)
Completed 200 OK in 84ms (Views: 82.5ms | ActiveRecord: 0.0ms)


Started GET "/" for ::1 at 2016-11-18 21:52:49 -0800
Processing by MainPageController#index as HTML
  Rendering main_page/index.html.erb within layouts/application
  Rendered main_page/index.html.erb within layouts/application (0.5ms)
Completed 200 OK in 25ms (Views: 22.7ms | ActiveRecord: 0.0ms)


Started GET "/" for ::1 at 2016-11-18 22:08:34 -0800
Processing by MainPageController#index as HTML
  Rendering main_page/index.html.erb within layouts/application
  Rendered main_page/index.html.erb within layouts/application (1.5ms)
Completed 200 OK in 420ms (Views: 407.6ms | ActiveRecord: 0.0ms)


Started GET "/" for ::1 at 2016-11-18 22:09:58 -0800
Processing by MainPageController#index as HTML
  Rendering main_page/index.html.erb within layouts/application
  Rendered main_page/index.html.erb within layouts/application (1.2ms)
Completed 200 OK in 184ms (Views: 181.3ms | ActiveRecord: 0.0ms)


Started GET "/" for ::1 at 2016-11-18 22:10:13 -0800
Processing by MainPageController#index as HTML
  Rendering main_page/index.html.erb within layouts/application
  Rendered main_page/index.html.erb within layouts/application (0.5ms)
Completed 200 OK in 63ms (Views: 61.3ms | ActiveRecord: 0.0ms)


Started GET "/" for ::1 at 2016-11-21 10:02:22 -0800
Processing by MainPageController#index as HTML
  Rendering main_page/index.html.erb within layouts/application
  Rendered main_page/index.html.erb within layouts/application (1.6ms)
Completed 200 OK in 485ms (Views: 472.5ms | ActiveRecord: 0.0ms)


Started GET "/" for ::1 at 2016-11-21 10:03:05 -0800
Processing by MainPageController#index as HTML
  Rendering main_page/index.html.erb within layouts/application
  Rendered main_page/index.html.erb within layouts/application (0.4ms)
Completed 200 OK in 27ms (Views: 25.4ms | ActiveRecord: 0.0ms)


Started GET "/" for ::1 at 2016-11-21 10:03:52 -0800
Processing by MainPageController#index as HTML
  Rendering main_page/index.html.erb within layouts/application
  Rendered main_page/index.html.erb within layouts/application (0.4ms)
Completed 200 OK in 133ms (Views: 131.5ms | ActiveRecord: 0.0ms)


Started GET "/" for ::1 at 2016-11-21 10:06:49 -0800
Processing by MainPageController#index as HTML
  Rendering main_page/index.html.erb within layouts/application
  Rendered main_page/index.html.erb within layouts/application (0.3ms)
Completed 200 OK in 59ms (Views: 56.4ms | ActiveRecord: 0.0ms)


Started GET "/" for ::1 at 2016-11-21 17:45:22 -0800
Processing by MainPageController#index as HTML
  Rendering main_page/index.html.erb within layouts/application
  Rendered main_page/index.html.erb within layouts/application (1.7ms)
Completed 200 OK in 246ms (Views: 234.1ms | ActiveRecord: 0.0ms)


Started GET "/" for ::1 at 2016-11-21 18:16:52 -0800
Processing by MainPageController#index as HTML
  Rendering main_page/index.html.erb within layouts/application
  Rendered main_page/index.html.erb within layouts/application (2.2ms)
Completed 500 Internal Server Error in 202ms (ActiveRecord: 0.0ms)


  
ActionView::Template::Error (Undefined variable: "$color".):
    4:     <title>PersonalWebsite</title>
    5:     <%= csrf_meta_tags %>
    6: 
    7:     <%= stylesheet_link_tag    'application', media: 'all', 'data-turbolinks-track': 'reload' %>
    8:     <%= javascript_include_tag 'application', 'data-turbolinks-track': 'reload' %>
    9:   </head>
   10: 
  
app/assets/stylesheets/main_page.scss:13
app/views/layouts/application.html.erb:7:in `_app_views_layouts_application_html_erb__1982077310485001399_70233625204860'
  Rendering /Users/manahkallon/.rbenv/versions/2.3.1/lib/ruby/gems/2.3.0/gems/actionpack-5.0.0.1/lib/action_dispatch/middleware/templates/rescues/template_error.html.erb within rescues/layout
  Rendering /Users/manahkallon/.rbenv/versions/2.3.1/lib/ruby/gems/2.3.0/gems/actionpack-5.0.0.1/lib/action_dispatch/middleware/templates/rescues/_source.html.erb
  Rendered /Users/manahkallon/.rbenv/versions/2.3.1/lib/ruby/gems/2.3.0/gems/actionpack-5.0.0.1/lib/action_dispatch/middleware/templates/rescues/_source.html.erb (7.0ms)
  Rendering /Users/manahkallon/.rbenv/versions/2.3.1/lib/ruby/gems/2.3.0/gems/actionpack-5.0.0.1/lib/action_dispatch/middleware/templates/rescues/_trace.html.erb
  Rendered /Users/manahkallon/.rbenv/versions/2.3.1/lib/ruby/gems/2.3.0/gems/actionpack-5.0.0.1/lib/action_dispatch/middleware/templates/rescues/_trace.html.erb (4.5ms)
  Rendering /Users/manahkallon/.rbenv/versions/2.3.1/lib/ruby/gems/2.3.0/gems/actionpack-5.0.0.1/lib/action_dispatch/middleware/templates/rescues/_request_and_response.html.erb
  Rendered /Users/manahkallon/.rbenv/versions/2.3.1/lib/ruby/gems/2.3.0/gems/actionpack-5.0.0.1/lib/action_dispatch/middleware/templates/rescues/_request_and_response.html.erb (0.7ms)
  Rendered /Users/manahkallon/.rbenv/versions/2.3.1/lib/ruby/gems/2.3.0/gems/actionpack-5.0.0.1/lib/action_dispatch/middleware/templates/rescues/template_error.html.erb within rescues/layout (86.2ms)
Started GET "/" for ::1 at 2016-11-21 18:17:19 -0800
Processing by MainPageController#index as HTML
  Rendering main_page/index.html.erb within layouts/application
  Rendered main_page/index.html.erb within layouts/application (0.3ms)
Completed 200 OK in 66ms (Views: 63.8ms | ActiveRecord: 0.0ms)


Started GET "/" for ::1 at 2016-11-21 18:17:55 -0800
Processing by MainPageController#index as HTML
  Rendering main_page/index.html.erb within layouts/application
  Rendered main_page/index.html.erb within layouts/application (0.5ms)
Completed 200 OK in 90ms (Views: 87.3ms | ActiveRecord: 0.0ms)


Started GET "/" for ::1 at 2016-11-21 18:18:29 -0800
Processing by MainPageController#index as HTML
  Rendering main_page/index.html.erb within layouts/application
  Rendered main_page/index.html.erb within layouts/application (0.3ms)
Completed 200 OK in 72ms (Views: 67.7ms | ActiveRecord: 0.0ms)


Started GET "/" for ::1 at 2016-11-21 18:18:50 -0800
Processing by MainPageController#index as HTML
  Rendering main_page/index.html.erb within layouts/application
  Rendered main_page/index.html.erb within layouts/application (0.4ms)
Completed 200 OK in 24ms (Views: 21.7ms | ActiveRecord: 0.0ms)


Started GET "/" for ::1 at 2016-11-21 18:28:00 -0800
Processing by MainPageController#index as HTML
  Rendering main_page/index.html.erb within layouts/application
  Rendered main_page/index.html.erb within layouts/application (2.0ms)
Completed 200 OK in 150ms (Views: 138.5ms | ActiveRecord: 0.0ms)


Started GET "/" for ::1 at 2016-11-21 18:31:13 -0800
Processing by MainPageController#index as HTML
  Rendering main_page/index.html.erb within layouts/application
  Rendered main_page/index.html.erb within layouts/application (0.5ms)
Completed 200 OK in 96ms (Views: 92.8ms | ActiveRecord: 0.0ms)


Started GET "/" for ::1 at 2016-11-21 18:31:42 -0800
Processing by MainPageController#index as HTML
  Rendering main_page/index.html.erb within layouts/application
  Rendered main_page/index.html.erb within layouts/application (0.6ms)
Completed 200 OK in 76ms (Views: 71.8ms | ActiveRecord: 0.0ms)


Started GET "/" for ::1 at 2016-11-21 18:37:36 -0800
Processing by MainPageController#index as HTML
  Rendering main_page/index.html.erb within layouts/application
  Rendered main_page/index.html.erb within layouts/application (2.6ms)
Completed 200 OK in 110ms (Views: 102.9ms | ActiveRecord: 0.0ms)


Started GET "/" for ::1 at 2016-11-21 18:38:32 -0800
Processing by MainPageController#index as HTML
  Rendering main_page/index.html.erb within layouts/application
  Rendered main_page/index.html.erb within layouts/application (0.4ms)
Completed 200 OK in 91ms (Views: 87.4ms | ActiveRecord: 0.0ms)


Started GET "/" for ::1 at 2016-11-21 18:40:30 -0800
Processing by MainPageController#index as HTML
  Rendering main_page/index.html.erb within layouts/application
  Rendered main_page/index.html.erb within layouts/application (0.3ms)
Completed 200 OK in 77ms (Views: 72.9ms | ActiveRecord: 0.0ms)


Started GET "/" for ::1 at 2016-11-21 18:40:56 -0800
Processing by MainPageController#index as HTML
  Rendering main_page/index.html.erb within layouts/application
  Rendered main_page/index.html.erb within layouts/application (0.7ms)
Completed 200 OK in 77ms (Views: 74.8ms | ActiveRecord: 0.0ms)


Started GET "/" for ::1 at 2016-11-21 18:42:29 -0800
Processing by MainPageController#index as HTML
  Rendering main_page/index.html.erb within layouts/application
  Rendered main_page/index.html.erb within layouts/application (0.6ms)
Completed 200 OK in 80ms (Views: 77.0ms | ActiveRecord: 0.0ms)


Started GET "/" for ::1 at 2016-11-21 18:43:02 -0800
Processing by MainPageController#index as HTML
  Rendering main_page/index.html.erb within layouts/application
  Rendered main_page/index.html.erb within layouts/application (0.4ms)
Completed 200 OK in 69ms (Views: 67.1ms | ActiveRecord: 0.0ms)


Started GET "/" for ::1 at 2016-11-21 18:43:28 -0800
Processing by MainPageController#index as HTML
  Rendering main_page/index.html.erb within layouts/application
  Rendered main_page/index.html.erb within layouts/application (0.5ms)
Completed 200 OK in 35ms (Views: 33.5ms | ActiveRecord: 0.0ms)


Started GET "/" for ::1 at 2016-11-21 18:43:45 -0800
Processing by MainPageController#index as HTML
  Rendering main_page/index.html.erb within layouts/application
  Rendered main_page/index.html.erb within layouts/application (0.6ms)
Completed 200 OK in 25ms (Views: 23.9ms | ActiveRecord: 0.0ms)


Started GET "/" for ::1 at 2016-11-21 18:44:00 -0800
Processing by MainPageController#index as HTML
  Rendering main_page/index.html.erb within layouts/application
  Rendered main_page/index.html.erb within layouts/application (0.5ms)
Completed 200 OK in 34ms (Views: 32.4ms | ActiveRecord: 0.0ms)


Started GET "/" for ::1 at 2016-11-21 18:44:26 -0800
Processing by MainPageController#index as HTML
  Rendering main_page/index.html.erb within layouts/application
  Rendered main_page/index.html.erb within layouts/application (0.4ms)
Completed 200 OK in 89ms (Views: 86.6ms | ActiveRecord: 0.0ms)


Started GET "/" for ::1 at 2016-11-21 18:48:14 -0800
Processing by MainPageController#index as HTML
  Rendering main_page/index.html.erb within layouts/application
  Rendered main_page/index.html.erb within layouts/application (0.8ms)
Completed 200 OK in 104ms (Views: 101.4ms | ActiveRecord: 0.0ms)


Started GET "/" for ::1 at 2016-11-21 18:49:18 -0800
Processing by MainPageController#index as HTML
  Rendering main_page/index.html.erb within layouts/application
  Rendered main_page/index.html.erb within layouts/application (0.4ms)
Completed 200 OK in 46ms (Views: 43.2ms | ActiveRecord: 0.0ms)


Started GET "/" for ::1 at 2016-11-21 18:50:33 -0800
Processing by MainPageController#index as HTML
  Rendering main_page/index.html.erb within layouts/application
  Rendered main_page/index.html.erb within layouts/application (0.5ms)
Completed 200 OK in 111ms (Views: 109.2ms | ActiveRecord: 0.0ms)


Started GET "/" for ::1 at 2016-11-21 18:56:09 -0800
Processing by MainPageController#index as HTML
  Rendering main_page/index.html.erb within layouts/application
  Rendered main_page/index.html.erb within layouts/application (0.8ms)
Completed 200 OK in 153ms (Views: 149.6ms | ActiveRecord: 0.0ms)


Started GET "/" for ::1 at 2016-11-21 18:57:05 -0800
Processing by MainPageController#index as HTML
  Rendering main_page/index.html.erb within layouts/application
  Rendered main_page/index.html.erb within layouts/application (0.4ms)
Completed 200 OK in 123ms (Views: 121.4ms | ActiveRecord: 0.0ms)


Started GET "/" for ::1 at 2016-11-21 18:57:26 -0800
Processing by MainPageController#index as HTML
  Rendering main_page/index.html.erb within layouts/application
  Rendered main_page/index.html.erb within layouts/application (0.8ms)
Completed 200 OK in 101ms (Views: 99.6ms | ActiveRecord: 0.0ms)


Started GET "/" for ::1 at 2016-11-21 18:57:37 -0800
Processing by MainPageController#index as HTML
  Rendering main_page/index.html.erb within layouts/application
  Rendered main_page/index.html.erb within layouts/application (0.4ms)
Completed 200 OK in 24ms (Views: 21.2ms | ActiveRecord: 0.0ms)


Started GET "/" for ::1 at 2016-11-21 19:07:10 -0800
Processing by MainPageController#index as HTML
  Rendering main_page/index.html.erb within layouts/application
  Rendered main_page/index.html.erb within layouts/application (2.7ms)
Completed 200 OK in 221ms (Views: 212.9ms | ActiveRecord: 0.0ms)


Started GET "/" for ::1 at 2016-11-21 19:07:49 -0800
Processing by MainPageController#index as HTML
  Rendering main_page/index.html.erb within layouts/application
  Rendered main_page/index.html.erb within layouts/application (0.7ms)
Completed 200 OK in 174ms (Views: 171.4ms | ActiveRecord: 0.0ms)


Started GET "/" for ::1 at 2016-11-21 19:08:05 -0800
Processing by MainPageController#index as HTML
  Rendering main_page/index.html.erb within layouts/application
  Rendered main_page/index.html.erb within layouts/application (0.6ms)
Completed 200 OK in 32ms (Views: 30.3ms | ActiveRecord: 0.0ms)


Started GET "/" for ::1 at 2016-11-21 19:09:16 -0800
Processing by MainPageController#index as HTML
  Rendering main_page/index.html.erb within layouts/application
  Rendered main_page/index.html.erb within layouts/application (0.8ms)
Completed 200 OK in 170ms (Views: 167.9ms | ActiveRecord: 0.0ms)


Started GET "/" for ::1 at 2016-11-21 19:09:30 -0800
Processing by MainPageController#index as HTML
  Rendering main_page/index.html.erb within layouts/application
  Rendered main_page/index.html.erb within layouts/application (0.5ms)
Completed 200 OK in 114ms (Views: 110.9ms | ActiveRecord: 0.0ms)


Started GET "/" for ::1 at 2016-11-21 19:09:55 -0800
Processing by MainPageController#index as HTML
  Rendering main_page/index.html.erb within layouts/application
  Rendered main_page/index.html.erb within layouts/application (0.4ms)
Completed 200 OK in 92ms (Views: 90.8ms | ActiveRecord: 0.0ms)


Started GET "/" for ::1 at 2016-11-21 19:10:13 -0800
Processing by MainPageController#index as HTML
  Rendering main_page/index.html.erb within layouts/application
  Rendered main_page/index.html.erb within layouts/application (0.4ms)
Completed 200 OK in 97ms (Views: 94.6ms | ActiveRecord: 0.0ms)


Started GET "/" for ::1 at 2016-11-21 19:11:02 -0800
Processing by MainPageController#index as HTML
  Rendering main_page/index.html.erb within layouts/application
  Rendered main_page/index.html.erb within layouts/application (0.3ms)
Completed 200 OK in 105ms (Views: 102.6ms | ActiveRecord: 0.0ms)


Started GET "/" for ::1 at 2016-11-21 19:11:23 -0800
Processing by MainPageController#index as HTML
  Rendering main_page/index.html.erb within layouts/application
  Rendered main_page/index.html.erb within layouts/application (0.4ms)
Completed 200 OK in 104ms (Views: 102.7ms | ActiveRecord: 0.0ms)


Started GET "/" for ::1 at 2016-11-21 19:13:34 -0800
Processing by MainPageController#index as HTML
  Rendering main_page/index.html.erb within layouts/application
  Rendered main_page/index.html.erb within layouts/application (0.4ms)
Completed 200 OK in 136ms (Views: 134.4ms | ActiveRecord: 0.0ms)


Started GET "/" for ::1 at 2016-11-21 19:14:08 -0800
Processing by MainPageController#index as HTML
  Rendering main_page/index.html.erb within layouts/application
  Rendered main_page/index.html.erb within layouts/application (0.4ms)
Completed 200 OK in 101ms (Views: 99.1ms | ActiveRecord: 0.0ms)


Started GET "/" for ::1 at 2016-11-21 19:14:26 -0800
Processing by MainPageController#index as HTML
  Rendering main_page/index.html.erb within layouts/application
  Rendered main_page/index.html.erb within layouts/application (0.6ms)
Completed 200 OK in 42ms (Views: 39.6ms | ActiveRecord: 0.0ms)


